#
# There is insufficient memory for the Java Runtime Environment to continue.
# Native memory allocation (malloc) failed to allocate 1168144 bytes. Error detail: Chunk::new
# Possible reasons:
#   The system is out of physical RAM or swap space
#   This process is running with CompressedOops enabled, and the Java Heap may be blocking the growth of the native heap
# Possible solutions:
#   Reduce memory load on the system
#   Increase physical memory or swap space
#   Check if swap backing store is full
#   Decrease Java heap size (-Xmx/-Xms)
#   Decrease number of Java threads
#   Decrease Java thread stack sizes (-Xss)
#   Set larger code cache with -XX:ReservedCodeCacheSize=
#   JVM is running with Zero Based Compressed Oops mode in which the Java heap is
#     placed in the first 32GB address space. The Java Heap base address is the
#     maximum limit for the native heap growth. Please use -XX:HeapBaseMinAddress
#     to set the Java Heap base and to place the Java Heap above 32GB virtual address.
# This output file may be truncated or incomplete.
#
#  Out of Memory Error (arena.cpp:162), pid=26684, tid=30676
#
# JRE version: Java(TM) SE Runtime Environment (24.0.1+9) (build 24.0.1+9-30)
# Java VM: Java HotSpot(TM) 64-Bit Server VM (24.0.1+9-30, mixed mode, sharing, tiered, compressed oops, compressed class ptrs, g1 gc, windows-amd64)
# No core dump will be written. Minidumps are not enabled by default on client versions of Windows
#

---------------  S U M M A R Y ------------

Command Line: -agentlib:jdwp=transport=dt_socket,address=127.0.0.1:59796,suspend=y,server=n -javaagent:C:\Users\tgdd\AppData\Local\JetBrains\IdeaIC2025.1\captureAgent\debugger-agent.jar=file:///C:/Users/tgdd/AppData/Local/Temp/capture17364771861203688067.props -Dkotlinx.coroutines.debug.enable.creation.stack.trace=false -Ddebugger.agent.enable.coroutines=true -Dkotlinx.coroutines.debug.enable.flows.stack.trace=true -Dkotlinx.coroutines.debug.enable.mutable.state.flows.stack.trace=true -Dfile.encoding=UTF-8 -Dsun.stdout.encoding=UTF-8 -Dsun.stderr.encoding=UTF-8 com.example.education_management_api.EducationManagementApiApplication

Host: 12th Gen Intel(R) Core(TM) i5-1240P, 16 cores, 15G,  Windows 11 , 64 bit Build 26100 (10.0.26100.6725)
Time: Tue Dec  2 21:25:50 2025 SE Asia Standard Time elapsed time: 3796.409029 seconds (0d 1h 3m 16s)

---------------  T H R E A D  ---------------

Current thread (0x0000024ec5013840):  JavaThread "C2 CompilerThread0" daemon [_thread_in_native, id=30676, stack(0x0000005a1a800000,0x0000005a1a900000) (1024K)]


Current CompileTask:
C2:3796409 7853   !   4       com.intellij.rt.debugger.agent.CaptureStorage$5::run (108 bytes)

Stack: [0x0000005a1a800000,0x0000005a1a900000]
Native frames: (J=compiled Java code, j=interpreted, Vv=VM code, C=native code)
V  [jvm.dll+0x730739]  (no source info available)
V  [jvm.dll+0x8d9b23]  (no source info available)
V  [jvm.dll+0x8dc00d]  (no source info available)
V  [jvm.dll+0x8dc683]  (no source info available)
V  [jvm.dll+0x2aa086]  (no source info available)
V  [jvm.dll+0xcedef]  (no source info available)
V  [jvm.dll+0xcf04f]  (no source info available)
V  [jvm.dll+0x154d83]  (no source info available)
V  [jvm.dll+0x735f5f]  (no source info available)
V  [jvm.dll+0x26fa1c]  (no source info available)
V  [jvm.dll+0x26ea3f]  (no source info available)
V  [jvm.dll+0x1e9d60]  (no source info available)
V  [jvm.dll+0x27e1fb]  (no source info available)
V  [jvm.dll+0x27c49a]  (no source info available)
V  [jvm.dll+0x42f456]  (no source info available)
V  [jvm.dll+0x87d76b]  (no source info available)
V  [jvm.dll+0x72ee55]  (no source info available)
C  [ucrtbase.dll+0x37b0]  (no source info available)
C  [KERNEL32.DLL+0x2e8d7]  (no source info available)
C  [ntdll.dll+0x8c53c]  (no source info available)

Lock stack of current Java thread (top to bottom):


---------------  P R O C E S S  ---------------

Threads class SMR info:
_java_thread_list=0x0000024ec539d2b0, length=32, elements={
0x0000024eea5433e0, 0x0000024eea543f30, 0x0000024eea54d4f0, 0x0000024eea54a1c0,
0x0000024eea54a910, 0x0000024eea54b060, 0x0000024ec5013840, 0x0000024ec5030ed0,
0x0000024ec5215900, 0x0000024ec529e5e0, 0x0000024ec52a1150, 0x0000024eea54bf00,
0x0000024eea54b7b0, 0x0000024eea54c650, 0x0000024eee8c5fe0, 0x0000024eee8c75d0,
0x0000024eee8c8bc0, 0x0000024eee804fb0, 0x0000024eee801c80, 0x0000024ec8febd40,
0x0000024ec8feaea0, 0x0000024eef66ecb0, 0x0000024eef671890, 0x0000024ec7d34ab0,
0x0000024ec7d35950, 0x0000024ec7d32d70, 0x0000024ec7d360a0, 0x0000024ec7d35200,
0x0000024ec7d33c10, 0x0000024ec7d367f0, 0x0000024ec7d334c0, 0x0000024ec7d34360
}

Java Threads: ( => current thread )
  0x0000024eea5433e0 JavaThread "Reference Handler"          daemon [_thread_blocked, id=10404, stack(0x0000005a1a200000,0x0000005a1a300000) (1024K)]
  0x0000024eea543f30 JavaThread "Finalizer"                  daemon [_thread_blocked, id=30404, stack(0x0000005a1a300000,0x0000005a1a400000) (1024K)]
  0x0000024eea54d4f0 JavaThread "Signal Dispatcher"          daemon [_thread_blocked, id=18760, stack(0x0000005a1a400000,0x0000005a1a500000) (1024K)]
  0x0000024eea54a1c0 JavaThread "Attach Listener"            daemon [_thread_blocked, id=12356, stack(0x0000005a1a500000,0x0000005a1a600000) (1024K)]
  0x0000024eea54a910 JavaThread "Service Thread"             daemon [_thread_blocked, id=24924, stack(0x0000005a1a600000,0x0000005a1a700000) (1024K)]
  0x0000024eea54b060 JavaThread "Monitor Deflation Thread"   daemon [_thread_blocked, id=20156, stack(0x0000005a1a700000,0x0000005a1a800000) (1024K)]
=>0x0000024ec5013840 JavaThread "C2 CompilerThread0"         daemon [_thread_in_native, id=30676, stack(0x0000005a1a800000,0x0000005a1a900000) (1024K)]
  0x0000024ec5030ed0 JavaThread "C1 CompilerThread0"         daemon [_thread_blocked, id=22188, stack(0x0000005a1a900000,0x0000005a1aa00000) (1024K)]
  0x0000024ec5215900 JavaThread "JDWP Transport Listener: dt_socket" daemon [_thread_blocked, id=32364, stack(0x0000005a1ad00000,0x0000005a1ae00000) (1024K)]
  0x0000024ec529e5e0 JavaThread "JDWP Event Helper Thread"   daemon [_thread_blocked, id=8608, stack(0x0000005a1ae00000,0x0000005a1af00000) (1024K)]
  0x0000024ec52a1150 JavaThread "JDWP Command Reader"        daemon [_thread_in_native, id=20180, stack(0x0000005a1af00000,0x0000005a1b000000) (1024K)]
  0x0000024eea54bf00 JavaThread "Common-Cleaner"             daemon [_thread_blocked, id=3692, stack(0x0000005a1ab00000,0x0000005a1ac00000) (1024K)]
  0x0000024eea54b7b0 JavaThread "IntelliJ Suspend Helper"    daemon [_thread_blocked, id=26008, stack(0x0000005a1ac00000,0x0000005a1ad00000) (1024K)]
  0x0000024eea54c650 JavaThread "Notification Thread"        daemon [_thread_blocked, id=4696, stack(0x0000005a1b000000,0x0000005a1b100000) (1024K)]
  0x0000024eee8c5fe0 JavaThread "Catalina-utility-1"                [_thread_blocked, id=7544, stack(0x0000005a1c300000,0x0000005a1c400000) (1024K)]
  0x0000024eee8c75d0 JavaThread "Catalina-utility-2"                [_thread_blocked, id=32112, stack(0x0000005a1c500000,0x0000005a1c600000) (1024K)]
  0x0000024eee8c8bc0 JavaThread "container-0"                       [_thread_blocked, id=33108, stack(0x0000005a1c600000,0x0000005a1c700000) (1024K)]
  0x0000024eee804fb0 JavaThread "PostgreSQL-JDBC-Cleaner"    daemon [_thread_blocked, id=27928, stack(0x0000005a1c400000,0x0000005a1c500000) (1024K)]
  0x0000024eee801c80 JavaThread "HikariPool-1:housekeeper"   daemon [_thread_blocked, id=30228, stack(0x0000005a1c800000,0x0000005a1c900000) (1024K)]
  0x0000024ec8febd40 JavaThread "http-nio-8080-exec-1"       daemon [_thread_blocked, id=6484, stack(0x0000005a1cb00000,0x0000005a1cc00000) (1024K)]
  0x0000024ec8feaea0 JavaThread "http-nio-8080-exec-2"       daemon [_thread_blocked, id=26664, stack(0x0000005a1cc00000,0x0000005a1cd00000) (1024K)]
  0x0000024eef66ecb0 JavaThread "http-nio-8080-exec-3"       daemon [_thread_blocked, id=26488, stack(0x0000005a1cd00000,0x0000005a1ce00000) (1024K)]
  0x0000024eef671890 JavaThread "http-nio-8080-exec-4"       daemon [_thread_blocked, id=28104, stack(0x0000005a1ce00000,0x0000005a1cf00000) (1024K)]
  0x0000024ec7d34ab0 JavaThread "http-nio-8080-exec-5"       daemon [_thread_blocked, id=21832, stack(0x0000005a1cf00000,0x0000005a1d000000) (1024K)]
  0x0000024ec7d35950 JavaThread "http-nio-8080-exec-6"       daemon [_thread_blocked, id=21688, stack(0x0000005a1d000000,0x0000005a1d100000) (1024K)]
  0x0000024ec7d32d70 JavaThread "http-nio-8080-exec-7"       daemon [_thread_blocked, id=20648, stack(0x0000005a1d100000,0x0000005a1d200000) (1024K)]
  0x0000024ec7d360a0 JavaThread "http-nio-8080-exec-8"       daemon [_thread_blocked, id=14864, stack(0x0000005a1d200000,0x0000005a1d300000) (1024K)]
  0x0000024ec7d35200 JavaThread "http-nio-8080-exec-9"       daemon [_thread_blocked, id=29048, stack(0x0000005a1d300000,0x0000005a1d400000) (1024K)]
  0x0000024ec7d33c10 JavaThread "http-nio-8080-exec-10"      daemon [_thread_blocked, id=5952, stack(0x0000005a1d400000,0x0000005a1d500000) (1024K)]
  0x0000024ec7d367f0 JavaThread "http-nio-8080-Poller"       daemon [_thread_in_native, id=29508, stack(0x0000005a1d500000,0x0000005a1d600000) (1024K)]
  0x0000024ec7d334c0 JavaThread "http-nio-8080-Acceptor"     daemon [_thread_in_native, id=3168, stack(0x0000005a1d600000,0x0000005a1d700000) (1024K)]
  0x0000024ec7d34360 JavaThread "DestroyJavaVM"                     [_thread_blocked, id=29864, stack(0x0000005a19a00000,0x0000005a19b00000) (1024K)]
Total: 32

Other Threads:
  0x0000024eea533390 VMThread "VM Thread"                           [id=28056, stack(0x0000005a1a100000,0x0000005a1a200000) (1024K)]
  0x0000024eea523750 WatcherThread "VM Periodic Task Thread"        [id=12388, stack(0x0000005a1a000000,0x0000005a1a100000) (1024K)]
  0x0000024ecd2300b0 WorkerThread "GC Thread#0"                     [id=34364, stack(0x0000005a19b00000,0x0000005a19c00000) (1024K)]
  0x0000024ec66bd3b0 WorkerThread "GC Thread#1"                     [id=21008, stack(0x0000005a1b500000,0x0000005a1b600000) (1024K)]
  0x0000024ec66bdb10 WorkerThread "GC Thread#2"                     [id=22756, stack(0x0000005a1b600000,0x0000005a1b700000) (1024K)]
  0x0000024ec66be270 WorkerThread "GC Thread#3"                     [id=33764, stack(0x0000005a1b700000,0x0000005a1b800000) (1024K)]
  0x0000024ec66be620 WorkerThread "GC Thread#4"                     [id=24688, stack(0x0000005a1b800000,0x0000005a1b900000) (1024K)]
  0x0000024ec67fc860 WorkerThread "GC Thread#5"                     [id=24856, stack(0x0000005a1b900000,0x0000005a1ba00000) (1024K)]
  0x0000024ec67fe230 WorkerThread "GC Thread#6"                     [id=11012, stack(0x0000005a1ba00000,0x0000005a1bb00000) (1024K)]
  0x0000024ec67fdad0 WorkerThread "GC Thread#7"                     [id=19824, stack(0x0000005a1bb00000,0x0000005a1bc00000) (1024K)]
  0x0000024ec67fe990 WorkerThread "GC Thread#8"                     [id=15052, stack(0x0000005a1bc00000,0x0000005a1bd00000) (1024K)]
  0x0000024ec67fde80 WorkerThread "GC Thread#9"                     [id=20380, stack(0x0000005a1bd00000,0x0000005a1be00000) (1024K)]
  0x0000024ec67fed40 WorkerThread "GC Thread#10"                    [id=29076, stack(0x0000005a1be00000,0x0000005a1bf00000) (1024K)]
  0x0000024ec67fe5e0 WorkerThread "GC Thread#11"                    [id=21436, stack(0x0000005a1bf00000,0x0000005a1c000000) (1024K)]
  0x0000024ec67fc100 WorkerThread "GC Thread#12"                    [id=18016, stack(0x0000005a1c000000,0x0000005a1c100000) (1024K)]
  0x0000024eea392b80 ConcurrentGCThread "G1 Main Marker"            [id=25316, stack(0x0000005a19c00000,0x0000005a19d00000) (1024K)]
  0x0000024ecd23d0b0 WorkerThread "G1 Conc#0"                       [id=13720, stack(0x0000005a19d00000,0x0000005a19e00000) (1024K)]
  0x0000024ec67ff4a0 WorkerThread "G1 Conc#1"                       [id=31420, stack(0x0000005a1c100000,0x0000005a1c200000) (1024K)]
  0x0000024ec67ff850 WorkerThread "G1 Conc#2"                       [id=21508, stack(0x0000005a1c200000,0x0000005a1c300000) (1024K)]
  0x0000024eea3e0040 ConcurrentGCThread "G1 Refine#0"               [id=34336, stack(0x0000005a19e00000,0x0000005a19f00000) (1024K)]
  0x0000024eea3e1a70 ConcurrentGCThread "G1 Service"                [id=19752, stack(0x0000005a19f00000,0x0000005a1a000000) (1024K)]
Total: 21

Threads with active compile tasks:
C2 CompilerThread0  3796592 7853   !   4       com.intellij.rt.debugger.agent.CaptureStorage$5::run (108 bytes)
Total: 1

VM state: not at safepoint (normal execution)

VM Mutex/Monitor currently owned by a thread: None

Heap address: 0x0000000704e00000, size: 4018 MB, Compressed Oops mode: Zero based, Oop shift amount: 3

CDS archive(s) mapped at: [0x0000024e80000000-0x0000024e80d40000-0x0000024e80d40000), size 13893632, SharedBaseAddress: 0x0000024e80000000, ArchiveRelocationMode: 1.
Compressed class space mapped at: 0x0000024e81000000-0x0000024ec1000000, reserved size: 1073741824
UseCompressedClassPointers 1, UseCompactObjectHeaders 0
Narrow klass pointer bits 32, Max shift 3
Narrow klass base: 0x0000024e80000000, Narrow klass shift: 0
Encoding Range: [0x0000024e80000000 - 0x0000024f80000000), (4294967296 bytes)
Klass Range:    [0x0000024e80000000 - 0x0000024ec1000000), (1090519040 bytes)
Klass ID Range:  [8 - 1090519033) (1090519025)

GC Precious Log:
 CardTable entry size: 512
 Card Set container configuration: InlinePtr #cards 4 size 8 Array Of Cards #cards 16 size 48 Howl #buckets 8 coarsen threshold 3686 Howl Bitmap #cards 512 size 80 coarsen threshold 460 Card regions per heap region 1 cards per card region 4096
 CPUs: 16 total, 16 available
 Memory: 16068M
 Large Page Support: Disabled
 NUMA Support: Disabled
 Compressed Oops: Enabled (Zero based)
 Heap Region Size: 2M
 Heap Min Capacity: 8M
 Heap Initial Capacity: 252M
 Heap Max Capacity: 4018M
 Pre-touch: Disabled
 Parallel Workers: 13
 Concurrent Workers: 3
 Concurrent Refinement Workers: 13
 Periodic GC: Disabled

Heap:
 garbage-first heap   total reserved 4114432K, committed 61440K, used 48034K [0x0000000704e00000, 0x0000000800000000)
  region size 2048K, 12 young (24576K), 2 survivors (4096K)
 Metaspace       used 76659K, committed 77248K, reserved 1179648K
  class space    used 8060K, committed 8320K, reserved 1048576K

Heap Regions: E=young(eden), S=young(survivor), O=old, HS=humongous(starts), HC=humongous(continues), CS=collection set, F=free, TAMS=top-at-mark-start, PB=parsable bottom
|   0|0x0000000704e00000, 0x0000000705000000, 0x0000000705000000|100%| O|  |TAMS 0x0000000704e00000| PB 0x0000000704e00000| Untracked |  0
|   1|0x0000000705000000, 0x0000000705200000, 0x0000000705200000|100%| O|  |TAMS 0x0000000705000000| PB 0x0000000705000000| Untracked |  0
|   2|0x0000000705200000, 0x0000000705400000, 0x0000000705400000|100%| O|  |TAMS 0x0000000705200000| PB 0x0000000705200000| Untracked |  0
|   3|0x0000000705400000, 0x0000000705600000, 0x0000000705600000|100%| O|  |TAMS 0x0000000705400000| PB 0x0000000705400000| Untracked |  0
|   4|0x0000000705600000, 0x0000000705800000, 0x0000000705800000|100%| O|  |TAMS 0x0000000705600000| PB 0x0000000705600000| Untracked |  0
|   5|0x0000000705800000, 0x0000000705a00000, 0x0000000705a00000|100%| O|  |TAMS 0x0000000705800000| PB 0x0000000705800000| Untracked |  0
|   6|0x0000000705a00000, 0x0000000705c00000, 0x0000000705c00000|100%| O|  |TAMS 0x0000000705a00000| PB 0x0000000705a00000| Untracked |  0
|   7|0x0000000705c00000, 0x0000000705de46c0, 0x0000000705e00000| 94%| O|  |TAMS 0x0000000705c00000| PB 0x0000000705c00000| Untracked |  0
|   8|0x0000000705e00000, 0x0000000706000000, 0x0000000706000000|100%| O|  |TAMS 0x0000000705e00000| PB 0x0000000705e00000| Untracked |  0
|   9|0x0000000706000000, 0x0000000706200000, 0x0000000706200000|100%| O|Cm|TAMS 0x0000000706000000| PB 0x0000000706000000| Complete |  0
|  10|0x0000000706200000, 0x0000000706400000, 0x0000000706400000|100%| O|  |TAMS 0x0000000706200000| PB 0x0000000706200000| Untracked |  0
|  11|0x0000000706400000, 0x0000000706600000, 0x0000000706600000|100%| O|  |TAMS 0x0000000706400000| PB 0x0000000706400000| Untracked |  0
|  12|0x0000000706600000, 0x0000000706800000, 0x0000000706800000|100%| O|  |TAMS 0x0000000706600000| PB 0x0000000706600000| Untracked |  0
|  13|0x0000000706800000, 0x0000000706a00000, 0x0000000706a00000|100%| O|  |TAMS 0x0000000706800000| PB 0x0000000706800000| Untracked |  0
|  14|0x0000000706a00000, 0x0000000706a00000, 0x0000000706c00000|  0%| F|  |TAMS 0x0000000706a00000| PB 0x0000000706a00000| Untracked |  0
|  15|0x0000000706c00000, 0x0000000706c00000, 0x0000000706e00000|  0%| F|  |TAMS 0x0000000706c00000| PB 0x0000000706c00000| Untracked |  0
|  16|0x0000000706e00000, 0x0000000706e00000, 0x0000000707000000|  0%| F|  |TAMS 0x0000000706e00000| PB 0x0000000706e00000| Untracked |  0
|  17|0x0000000707000000, 0x00000007071042c8, 0x0000000707200000| 50%| S|CS|TAMS 0x0000000707000000| PB 0x0000000707000000| Complete |  0
|  18|0x0000000707200000, 0x0000000707200000, 0x0000000707400000|  0%| F|  |TAMS 0x0000000707200000| PB 0x0000000707200000| Untracked |  0
|  19|0x0000000707400000, 0x0000000707600000, 0x0000000707600000|100%| S|CS|TAMS 0x0000000707400000| PB 0x0000000707400000| Complete |  0
|  20|0x0000000707600000, 0x00000007077e4988, 0x0000000707800000| 94%| E|  |TAMS 0x0000000707600000| PB 0x0000000707600000| Complete |  0
|  21|0x0000000707800000, 0x0000000707a00000, 0x0000000707a00000|100%| E|CS|TAMS 0x0000000707800000| PB 0x0000000707800000| Complete |  0
|  22|0x0000000707a00000, 0x0000000707c00000, 0x0000000707c00000|100%| E|CS|TAMS 0x0000000707a00000| PB 0x0000000707a00000| Complete |  0
|  23|0x0000000707c00000, 0x0000000707e00000, 0x0000000707e00000|100%| E|CS|TAMS 0x0000000707c00000| PB 0x0000000707c00000| Complete |  0
| 106|0x0000000712200000, 0x0000000712400000, 0x0000000712400000|100%| E|CS|TAMS 0x0000000712200000| PB 0x0000000712200000| Complete |  0
| 107|0x0000000712400000, 0x0000000712600000, 0x0000000712600000|100%| E|CS|TAMS 0x0000000712400000| PB 0x0000000712400000| Complete |  0
| 108|0x0000000712600000, 0x0000000712800000, 0x0000000712800000|100%| E|CS|TAMS 0x0000000712600000| PB 0x0000000712600000| Complete |  0
| 109|0x0000000712800000, 0x0000000712a00000, 0x0000000712a00000|100%| E|CS|TAMS 0x0000000712800000| PB 0x0000000712800000| Complete |  0
| 125|0x0000000714800000, 0x0000000714a00000, 0x0000000714a00000|100%| E|  |TAMS 0x0000000714800000| PB 0x0000000714800000| Complete |  0
|2008|0x00000007ffe00000, 0x0000000800000000, 0x0000000800000000|100%| E|CS|TAMS 0x00000007ffe00000| PB 0x00000007ffe00000| Complete |  0

Card table byte_map: [0x0000024ee5bd0000,0x0000024ee63b0000] _byte_map_base: 0x0000024ee23a9000

Marking Bits: (CMBitMap*) 0x0000024ecd2307c0
 Bits: [0x0000024ee63b0000, 0x0000024eea278000)

Polling page: 0x0000024ecaf40000

Metaspace:

Usage:
  Non-class:     66.99 MB used.
      Class:      7.87 MB used.
       Both:     74.86 MB used.

Virtual space:
  Non-class space:      128.00 MB reserved,      67.31 MB ( 53%) committed,  2 nodes.
      Class space:        1.00 GB reserved,       8.12 MB ( <1%) committed,  1 nodes.
             Both:        1.12 GB reserved,      75.44 MB (  7%) committed. 

Chunk freelists:
   Non-Class:  12.04 MB
       Class:  7.70 MB
        Both:  19.74 MB

MaxMetaspaceSize: unlimited
CompressedClassSpaceSize: 1.00 GB
Initial GC threshold: 21.00 MB
Current GC threshold: 122.75 MB
CDS: on
 - commit_granule_bytes: 65536.
 - commit_granule_words: 8192.
 - virtual_space_node_default_size: 8388608.
 - enlarge_chunks_in_place: 1.
UseCompressedClassPointers 1, UseCompactObjectHeaders 0
Narrow klass pointer bits 32, Max shift 3
Narrow klass base: 0x0000024e80000000, Narrow klass shift: 0
Encoding Range: [0x0000024e80000000 - 0x0000024f80000000), (4294967296 bytes)
Klass Range:    [0x0000024e80000000 - 0x0000024ec1000000), (1090519040 bytes)
Klass ID Range:  [8 - 1090519033) (1090519025)


Internal statistics:

num_allocs_failed_limit: 11.
num_arena_births: 712.
num_arena_deaths: 0.
num_vsnodes_births: 3.
num_vsnodes_deaths: 0.
num_space_committed: 1207.
num_space_uncommitted: 0.
num_chunks_returned_to_freelist: 11.
num_chunks_taken_from_freelist: 3218.
num_chunk_merges: 6.
num_chunk_splits: 2366.
num_chunks_enlarged: 1969.
num_inconsistent_stats: 0.

CodeHeap 'non-profiled nmethods': size=119232Kb used=3892Kb max_used=3975Kb free=115339Kb
 bounds [0x0000024edd5f0000, 0x0000024edd9e0000, 0x0000024ee4a60000]
CodeHeap 'profiled nmethods': size=119104Kb used=11601Kb max_used=11601Kb free=107502Kb
 bounds [0x0000024ed5a60000, 0x0000024ed65c0000, 0x0000024edceb0000]
CodeHeap 'non-nmethods': size=7424Kb used=1611Kb max_used=3517Kb free=5812Kb
 bounds [0x0000024edceb0000, 0x0000024edd230000, 0x0000024edd5f0000]
CodeCache: size=245760Kb, used=17104Kb, max_used=19093Kb, free=228653Kb
 total_blobs=7561, nmethods=6852, adapters=613, full_count=0
Compilation: enabled, stopped_count=0, restarted_count=0

Compilation events (20 events):
Event: 3629.358 Thread 0x0000024ec5030ed0 nmethod 7843 0x0000024ed65b1908 code [0x0000024ed65b1c60, 0x0000024ed65b3710]
Event: 3662.878 Thread 0x0000024ec5013840 7844       4       java.util.Collections$UnmodifiableCollection::iterator (9 bytes)
Event: 3662.880 Thread 0x0000024ec5013840 nmethod 7844 0x0000024edd85f888 code [0x0000024edd85f9a0, 0x0000024edd85fbd8]
Event: 3674.181 Thread 0x0000024ec5013840 7845       4       java.io.FilterOutputStream::write (9 bytes)
Event: 3674.188 Thread 0x0000024ec5013840 nmethod 7845 0x0000024edd85f088 code [0x0000024edd85f1e0, 0x0000024edd85f800]
Event: 3690.539 Thread 0x0000024ec5030ed0 7846       3       java.util.concurrent.ScheduledThreadPoolExecutor$ScheduledFutureTask::compareTo (101 bytes)
Event: 3690.542 Thread 0x0000024ec5030ed0 nmethod 7846 0x0000024ed65b3788 code [0x0000024ed65b3920, 0x0000024ed65b3fd8]
Event: 3700.543 Thread 0x0000024ec5013840 7847       4       java.util.HashMap::valuesToArray (81 bytes)
Event: 3700.552 Thread 0x0000024ec5013840 nmethod 7847 0x0000024edd85eb08 code [0x0000024edd85ec20, 0x0000024edd85f008]
Event: 3754.584 Thread 0x0000024ec5030ed0 7848 % !   3       com.intellij.rt.debugger.agent.SuspendHelper$1::run @ 0 (11 bytes)
Event: 3754.587 Thread 0x0000024ec5030ed0 nmethod 7848% 0x0000024ed65b4008 code [0x0000024ed65b4140, 0x0000024ed65b4420]
Event: 3790.651 Thread 0x0000024ec5030ed0 7849       1       com.zaxxer.hikari.HikariConfig::getConnectionTimeout (5 bytes)
Event: 3790.651 Thread 0x0000024ec5030ed0 nmethod 7849 0x0000024edd85e808 code [0x0000024edd85e900, 0x0000024edd85e9d0]
Event: 3790.651 Thread 0x0000024ec5030ed0 7850       1       com.zaxxer.hikari.HikariConfig::getValidationTimeout (5 bytes)
Event: 3790.651 Thread 0x0000024ec5030ed0 nmethod 7850 0x0000024edd85e508 code [0x0000024edd85e600, 0x0000024edd85e6d0]
Event: 3790.651 Thread 0x0000024ec5030ed0 7851       1       com.zaxxer.hikari.HikariConfig::getLeakDetectionThreshold (5 bytes)
Event: 3790.651 Thread 0x0000024ec5030ed0 nmethod 7851 0x0000024edd85e208 code [0x0000024edd85e300, 0x0000024edd85e3d0]
Event: 3790.651 Thread 0x0000024ec5030ed0 7852       1       com.zaxxer.hikari.HikariConfig::getCatalog (5 bytes)
Event: 3790.651 Thread 0x0000024ec5030ed0 nmethod 7852 0x0000024edd85df08 code [0x0000024edd85e000, 0x0000024edd85e0c8]
Event: 3795.353 Thread 0x0000024ec5013840 7853   !   4       com.intellij.rt.debugger.agent.CaptureStorage$5::run (108 bytes)

GC Heap History (20 events):
Event: 6.874 GC heap before
{Heap before GC invocations=5 (full 0):
 garbage-first heap   total reserved 4114432K, committed 61440K, used 43320K [0x0000000704e00000, 0x0000000800000000)
  region size 2048K, 16 young (32768K), 3 survivors (6144K)
 Metaspace       used 32252K, committed 32640K, reserved 1114112K
  class space    used 3147K, committed 3328K, reserved 1048576K
}
Event: 6.889 GC heap after
{Heap after GC invocations=6 (full 0):
 garbage-first heap   total reserved 4114432K, committed 61440K, used 18917K [0x0000000704e00000, 0x0000000800000000)
  region size 2048K, 2 young (4096K), 2 survivors (4096K)
 Metaspace       used 32252K, committed 32640K, reserved 1114112K
  class space    used 3147K, committed 3328K, reserved 1048576K
}
Event: 7.516 GC heap before
{Heap before GC invocations=6 (full 0):
 garbage-first heap   total reserved 4114432K, committed 61440K, used 33253K [0x0000000704e00000, 0x0000000800000000)
  region size 2048K, 10 young (20480K), 2 survivors (4096K)
 Metaspace       used 35635K, committed 35968K, reserved 1114112K
  class space    used 3476K, committed 3648K, reserved 1048576K
}
Event: 7.521 GC heap after
{Heap after GC invocations=7 (full 0):
 garbage-first heap   total reserved 4114432K, committed 61440K, used 19944K [0x0000000704e00000, 0x0000000800000000)
  region size 2048K, 1 young (2048K), 1 survivors (2048K)
 Metaspace       used 35635K, committed 35968K, reserved 1114112K
  class space    used 3476K, committed 3648K, reserved 1048576K
}
Event: 8.685 GC heap before
{Heap before GC invocations=8 (full 0):
 garbage-first heap   total reserved 4114432K, committed 61440K, used 46568K [0x0000000704e00000, 0x0000000800000000)
  region size 2048K, 14 young (28672K), 1 survivors (2048K)
 Metaspace       used 41018K, committed 41536K, reserved 1114112K
  class space    used 4056K, committed 4288K, reserved 1048576K
}
Event: 8.688 GC heap after
{Heap after GC invocations=9 (full 0):
 garbage-first heap   total reserved 4114432K, committed 61440K, used 21500K [0x0000000704e00000, 0x0000000800000000)
  region size 2048K, 2 young (4096K), 2 survivors (4096K)
 Metaspace       used 41018K, committed 41536K, reserved 1114112K
  class space    used 4056K, committed 4288K, reserved 1048576K
}
Event: 9.960 GC heap before
{Heap before GC invocations=9 (full 0):
 garbage-first heap   total reserved 4114432K, committed 61440K, used 46076K [0x0000000704e00000, 0x0000000800000000)
  region size 2048K, 15 young (30720K), 2 survivors (4096K)
 Metaspace       used 47925K, committed 48320K, reserved 1114112K
  class space    used 4782K, committed 4928K, reserved 1048576K
}
Event: 9.966 GC heap after
{Heap after GC invocations=10 (full 0):
 garbage-first heap   total reserved 4114432K, committed 61440K, used 22924K [0x0000000704e00000, 0x0000000800000000)
  region size 2048K, 2 young (4096K), 2 survivors (4096K)
 Metaspace       used 47925K, committed 48320K, reserved 1114112K
  class space    used 4782K, committed 4928K, reserved 1048576K
}
Event: 10.869 GC heap before
{Heap before GC invocations=10 (full 0):
 garbage-first heap   total reserved 4114432K, committed 61440K, used 49548K [0x0000000704e00000, 0x0000000800000000)
  region size 2048K, 15 young (30720K), 2 survivors (4096K)
 Metaspace       used 54976K, committed 55424K, reserved 1114112K
  class space    used 5430K, committed 5632K, reserved 1048576K
}
Event: 10.874 GC heap after
{Heap after GC invocations=11 (full 0):
 garbage-first heap   total reserved 4114432K, committed 61440K, used 24442K [0x0000000704e00000, 0x0000000800000000)
  region size 2048K, 2 young (4096K), 2 survivors (4096K)
 Metaspace       used 54976K, committed 55424K, reserved 1114112K
  class space    used 5430K, committed 5632K, reserved 1048576K
}
Event: 11.718 GC heap before
{Heap before GC invocations=11 (full 0):
 garbage-first heap   total reserved 4114432K, committed 61440K, used 44922K [0x0000000704e00000, 0x0000000800000000)
  region size 2048K, 14 young (28672K), 2 survivors (4096K)
 Metaspace       used 59758K, committed 60160K, reserved 1114112K
  class space    used 6060K, committed 6208K, reserved 1048576K
}
Event: 11.724 GC heap after
{Heap after GC invocations=12 (full 0):
 garbage-first heap   total reserved 4114432K, committed 61440K, used 25589K [0x0000000704e00000, 0x0000000800000000)
  region size 2048K, 2 young (4096K), 2 survivors (4096K)
 Metaspace       used 59758K, committed 60160K, reserved 1114112K
  class space    used 6060K, committed 6208K, reserved 1048576K
}
Event: 12.586 GC heap before
{Heap before GC invocations=13 (full 0):
 garbage-first heap   total reserved 4114432K, committed 61440K, used 48117K [0x0000000704e00000, 0x0000000800000000)
  region size 2048K, 14 young (28672K), 2 survivors (4096K)
 Metaspace       used 63516K, committed 64000K, reserved 1114112K
  class space    used 6493K, committed 6720K, reserved 1048576K
}
Event: 12.590 GC heap after
{Heap after GC invocations=14 (full 0):
 garbage-first heap   total reserved 4114432K, committed 61440K, used 27289K [0x0000000704e00000, 0x0000000800000000)
  region size 2048K, 2 young (4096K), 2 survivors (4096K)
 Metaspace       used 63516K, committed 64000K, reserved 1114112K
  class space    used 6493K, committed 6720K, reserved 1048576K
}
Event: 13.531 GC heap before
{Heap before GC invocations=14 (full 0):
 garbage-first heap   total reserved 4114432K, committed 61440K, used 51865K [0x0000000704e00000, 0x0000000800000000)
  region size 2048K, 14 young (28672K), 2 survivors (4096K)
 Metaspace       used 66027K, committed 66560K, reserved 1114112K
  class space    used 6783K, committed 7040K, reserved 1048576K
}
Event: 13.538 GC heap after
{Heap after GC invocations=15 (full 0):
 garbage-first heap   total reserved 4114432K, committed 61440K, used 28826K [0x0000000704e00000, 0x0000000800000000)
  region size 2048K, 2 young (4096K), 2 survivors (4096K)
 Metaspace       used 66027K, committed 66560K, reserved 1114112K
  class space    used 6783K, committed 7040K, reserved 1048576K
}
Event: 38.080 GC heap before
{Heap before GC invocations=15 (full 0):
 garbage-first heap   total reserved 4114432K, committed 61440K, used 51354K [0x0000000704e00000, 0x0000000800000000)
  region size 2048K, 13 young (26624K), 2 survivors (4096K)
 Metaspace       used 69441K, committed 69952K, reserved 1114112K
  class space    used 7195K, committed 7424K, reserved 1048576K
}
Event: 38.086 GC heap after
{Heap after GC invocations=16 (full 0):
 garbage-first heap   total reserved 4114432K, committed 61440K, used 30694K [0x0000000704e00000, 0x0000000800000000)
  region size 2048K, 2 young (4096K), 2 survivors (4096K)
 Metaspace       used 69441K, committed 69952K, reserved 1114112K
  class space    used 7195K, committed 7424K, reserved 1048576K
}
Event: 49.646 GC heap before
{Heap before GC invocations=16 (full 0):
 garbage-first heap   total reserved 4114432K, committed 61440K, used 49126K [0x0000000704e00000, 0x0000000800000000)
  region size 2048K, 12 young (24576K), 2 survivors (4096K)
 Metaspace       used 74720K, committed 75264K, reserved 1179648K
  class space    used 7865K, committed 8128K, reserved 1048576K
}
Event: 49.652 GC heap after
{Heap after GC invocations=17 (full 0):
 garbage-first heap   total reserved 4114432K, committed 61440K, used 31650K [0x0000000704e00000, 0x0000000800000000)
  region size 2048K, 2 young (4096K), 2 survivors (4096K)
 Metaspace       used 74720K, committed 75264K, reserved 1179648K
  class space    used 7865K, committed 8128K, reserved 1048576K
}

Dll operation events (13 events):
Event: 0.022 Loaded shared library D:\Program Files\jdk-24\bin\java.dll
Event: 0.024 Loaded shared library D:\Program Files\jdk-24\bin\zip.dll
Event: 0.064 Loaded shared library D:\Program Files\jdk-24\bin\jsvml.dll
Event: 0.826 Loaded shared library D:\Program Files\jdk-24\bin\instrument.dll
Event: 0.963 Loaded shared library D:\Program Files\jdk-24\bin\net.dll
Event: 0.965 Loaded shared library D:\Program Files\jdk-24\bin\nio.dll
Event: 0.985 Loaded shared library D:\Program Files\jdk-24\bin\zip.dll
Event: 1.250 Loaded shared library D:\Program Files\jdk-24\bin\jimage.dll
Event: 4.592 Loaded shared library D:\Program Files\jdk-24\bin\sunmscapi.dll
Event: 7.258 Loaded shared library D:\Program Files\jdk-24\bin\management.dll
Event: 7.260 Loaded shared library D:\Program Files\jdk-24\bin\management_ext.dll
Event: 8.682 Loaded shared library D:\Program Files\jdk-24\bin\verify.dll
Event: 9.214 Loaded shared library D:\Program Files\jdk-24\bin\extnet.dll

Deoptimization events (20 events):
Event: 3671.359 Thread 0x0000024eee8c5fe0 Uncommon trap: trap_request=0xffffff4d fr.pc=0x0000024edd88b9e0 relative=0x00000000000000c0
Event: 3671.360 Thread 0x0000024eee8c5fe0 Uncommon trap: reason=unstable_if action=reinterpret pc=0x0000024edd88b9e0 method=java.util.concurrent.ScheduledThreadPoolExecutor$ScheduledFutureTask.compareTo(Ljava/util/concurrent/Delayed;)I @ 40 c2
Event: 3671.360 Thread 0x0000024eee8c5fe0 DEOPT PACKING pc=0x0000024edd88b9e0 sp=0x0000005a1c3fed90
Event: 3671.360 Thread 0x0000024eee8c5fe0 DEOPT UNPACKING pc=0x0000024edcfd7982 sp=0x0000005a1c3fed18 mode 2
Event: 3710.555 Thread 0x0000024eee8c75d0 Uncommon trap: trap_request=0xffffffbe fr.pc=0x0000024edd85ee14 relative=0x00000000000001f4
Event: 3710.555 Thread 0x0000024eee8c75d0 Uncommon trap: reason=profile_predicate action=maybe_recompile pc=0x0000024edd85ee14 method=java.util.HashMap.valuesToArray([Ljava/lang/Object;)[Ljava/lang/Object; @ 48 c2
Event: 3710.555 Thread 0x0000024eee8c75d0 DEOPT PACKING pc=0x0000024edd85ee14 sp=0x0000005a1c5fedd0
Event: 3710.555 Thread 0x0000024eee8c75d0 DEOPT UNPACKING pc=0x0000024edcfd7982 sp=0x0000005a1c5fed58 mode 2
Event: 3710.555 Thread 0x0000024eee8c75d0 Uncommon trap: trap_request=0xffffffbe fr.pc=0x0000024edd85ee14 relative=0x00000000000001f4
Event: 3710.555 Thread 0x0000024eee8c75d0 Uncommon trap: reason=profile_predicate action=maybe_recompile pc=0x0000024edd85ee14 method=java.util.HashMap.valuesToArray([Ljava/lang/Object;)[Ljava/lang/Object; @ 48 c2
Event: 3710.555 Thread 0x0000024eee8c75d0 DEOPT PACKING pc=0x0000024edd85ee14 sp=0x0000005a1c5fece0
Event: 3710.555 Thread 0x0000024eee8c75d0 DEOPT UNPACKING pc=0x0000024edcfd7982 sp=0x0000005a1c5fec68 mode 2
Event: 3720.557 Thread 0x0000024eee8c5fe0 Uncommon trap: trap_request=0xffffffbe fr.pc=0x0000024edd85ee14 relative=0x00000000000001f4
Event: 3720.557 Thread 0x0000024eee8c5fe0 Uncommon trap: reason=profile_predicate action=maybe_recompile pc=0x0000024edd85ee14 method=java.util.HashMap.valuesToArray([Ljava/lang/Object;)[Ljava/lang/Object; @ 48 c2
Event: 3720.557 Thread 0x0000024eee8c5fe0 DEOPT PACKING pc=0x0000024edd85ee14 sp=0x0000005a1c3feb80
Event: 3720.557 Thread 0x0000024eee8c5fe0 DEOPT UNPACKING pc=0x0000024edcfd7982 sp=0x0000005a1c3feb08 mode 2
Event: 3720.557 Thread 0x0000024eee8c5fe0 Uncommon trap: trap_request=0xffffffbe fr.pc=0x0000024edd85ee14 relative=0x00000000000001f4
Event: 3720.557 Thread 0x0000024eee8c5fe0 Uncommon trap: reason=profile_predicate action=maybe_recompile pc=0x0000024edd85ee14 method=java.util.HashMap.valuesToArray([Ljava/lang/Object;)[Ljava/lang/Object; @ 48 c2
Event: 3720.557 Thread 0x0000024eee8c5fe0 DEOPT PACKING pc=0x0000024edd85ee14 sp=0x0000005a1c3fea90
Event: 3720.557 Thread 0x0000024eee8c5fe0 DEOPT UNPACKING pc=0x0000024edcfd7982 sp=0x0000005a1c3fea18 mode 2

Classes loaded (20 events):
Event: 56.588 Loading class org/hibernate/loader/ast/internal/CacheEntityLoaderHelper$PersistenceContextEntry
Event: 56.588 Loading class org/hibernate/loader/ast/internal/CacheEntityLoaderHelper$PersistenceContextEntry done
Event: 56.590 Loading class org/hibernate/loader/ast/internal/CacheEntityLoaderHelper$EntityStatus
Event: 56.590 Loading class org/hibernate/loader/ast/internal/CacheEntityLoaderHelper$EntityStatus done
Event: 56.592 Loading class org/hibernate/query/internal/SimpleQueryOptions
Event: 56.592 Loading class org/hibernate/query/internal/SimpleQueryOptions done
Event: 56.594 Loading class org/hibernate/loader/ast/internal/SingleIdLoadPlan$SingleIdExecutionContext
Event: 56.594 Loading class org/hibernate/loader/ast/internal/SingleIdLoadPlan$SingleIdExecutionContext done
Event: 56.596 Loading class org/postgresql/util/ByteConverter
Event: 56.596 Loading class org/postgresql/util/ByteConverter done
Event: 56.602 Loading class org/springframework/http/ResponseEntity
Event: 56.602 Loading class org/springframework/http/ResponseEntity done
Event: 56.602 Loading class org/springframework/http/ResponseEntity
Event: 56.602 Loading class org/springframework/http/ResponseEntity done
Event: 56.603 Loading class com/example/education_management_api/entity/Courses
Event: 56.603 Loading class com/example/education_management_api/entity/Courses done
Event: 1369.852 Loading class com/zaxxer/hikari/pool/HikariPool
Event: 1369.853 Loading class com/zaxxer/hikari/pool/HikariPool done
Event: 1369.855 Loading class java/sql/Connection
Event: 1369.855 Loading class java/sql/Connection done

Classes unloaded (0 events):
No events

Classes redefined (1 events):
Event: 0.884 Thread 0x0000024eea533390 redefined class name=java.lang.Throwable, count=1

Internal exceptions (20 events):
Event: 14.051 Thread 0x0000024ecad7b840 Exception <a 'java/lang/NoSuchMethodError'{0x00000007122aa968}: 'int java.lang.invoke.DirectMethodHandle$Holder.invokeStaticInit(java.lang.Object, java.lang.Object, java.lang.Object, java.lang.Object)'> (0x00000007122aa968) 
thrown [s\open\src\hotspot\share\interpreter\linkResolver.cpp, line 805]
Event: 14.130 Thread 0x0000024ecad7b840 Exception <a 'java/lang/IncompatibleClassChangeError'{0x0000000707c542e8}: Found class java.lang.Object, but interface was expected> (0x0000000707c542e8) 
thrown [s\open\src\hotspot\share\interpreter\linkResolver.cpp, line 872]
Event: 14.149 Thread 0x0000024ecad7b840 Implicit null exception at 0x0000024edd72baa2 to 0x0000024edd72bb9c
Event: 14.149 Thread 0x0000024ecad7b840 Implicit null exception at 0x0000024edd7857fa to 0x0000024edd785b24
Event: 14.301 Thread 0x0000024ecad7b840 Exception <a 'java/lang/NoSuchMethodError'{0x0000000707907dd0}: 'java.lang.Object java.lang.invoke.DirectMethodHandle$Holder.newInvokeSpecial(java.lang.Object, java.lang.Object, int, java.lang.Object, java.lang.Object)'> (0x0000000707907dd0) 
thrown [s\open\src\hotspot\share\interpreter\linkResolver.cpp, line 805]
Event: 37.988 Thread 0x0000024ec7d334c0 Exception <a 'java/lang/NoSuchMethodError'{0x000000070742cb98}: 'java.lang.Object java.lang.invoke.DirectMethodHandle$Holder.invokeStatic(java.lang.Object, java.lang.Object, java.lang.Object, int, int)'> (0x000000070742cb98) 
thrown [s\open\src\hotspot\share\interpreter\linkResolver.cpp, line 805]
Event: 37.989 Thread 0x0000024ec7d334c0 Exception <a 'java/lang/NoSuchMethodError'{0x0000000707434bd0}: 'java.lang.Object java.lang.invoke.DirectMethodHandle$Holder.invokeStaticInit(java.lang.Object, java.lang.Object, java.lang.Object, int, int)'> (0x0000000707434bd0) 
thrown [s\open\src\hotspot\share\interpreter\linkResolver.cpp, line 805]
Event: 38.050 Thread 0x0000024ec8feaea0 Exception <a 'java/lang/NoSuchMethodError'{0x0000000707569080}: 'java.lang.Object java.lang.invoke.DirectMethodHandle$Holder.invokeSpecial(java.lang.Object, java.lang.Object, java.lang.Object, java.lang.Object, java.lang.Object, long)'> (0x0000000707569080) 
thrown [s\open\src\hotspot\share\interpreter\linkResolver.cpp, line 805]
Event: 38.052 Thread 0x0000024ec8feaea0 Exception <a 'java/lang/NoSuchMethodError'{0x00000007075719e8}: 'java.lang.Object java.lang.invoke.DirectMethodHandle$Holder.invokeSpecial(java.lang.Object, java.lang.Object, java.lang.Object, java.lang.Object, java.lang.Object, java.lang.Object, long)'> (0x00000007075719e8) 
thrown [s\open\src\hotspot\share\interpreter\linkResolver.cpp, line 805]
Event: 38.053 Thread 0x0000024ec8feaea0 Exception <a 'java/lang/NoSuchMethodError'{0x0000000707579d70}: 'java.lang.Object java.lang.invoke.DelegatingMethodHandle$Holder.reinvoke_L(java.lang.Object, java.lang.Object, java.lang.Object, java.lang.Object, java.lang.Object, long)'> (0x0000000707579d70) 
thrown [s\open\src\hotspot\share\interpreter\linkResolver.cpp, line 805]
Event: 38.054 Thread 0x0000024ec8feaea0 Exception <a 'java/lang/NoSuchMethodError'{0x000000070758a2d0}: 'java.lang.Object java.lang.invoke.Invokers$Holder.linkToTargetMethod(java.lang.Object, java.lang.Object, java.lang.Object, long, java.lang.Object)'> (0x000000070758a2d0) 
thrown [s\open\src\hotspot\share\interpreter\linkResolver.cpp, line 805]
Event: 49.570 Thread 0x0000024ec7d32d70 Exception <a 'java/lang/NoSuchMethodError'{0x0000000707667590}: 'void java.lang.invoke.DirectMethodHandle$Holder.invokeSpecialIFC(java.lang.Object, java.lang.Object, int, java.lang.Object, java.lang.Object, java.lang.Object, java.lang.Object)'> (0x0000000707667590) 
thrown [s\open\src\hotspot\share\interpreter\linkResolver.cpp, line 805]
Event: 52.655 Thread 0x0000024ec7d33c10 Exception <a 'java/lang/NoSuchMethodError'{0x00000007126a52e0}: 'java.lang.Object java.lang.invoke.DirectMethodHandle$Holder.invokeInterface(java.lang.Object, java.lang.Object, java.lang.Object, java.lang.Object)'> (0x00000007126a52e0) 
thrown [s\open\src\hotspot\share\interpreter\linkResolver.cpp, line 805]
Event: 52.659 Thread 0x0000024ec7d33c10 Exception <a 'java/lang/IncompatibleClassChangeError'{0x00000007126e5d98}: Found class java.lang.Object, but interface was expected> (0x00000007126e5d98) 
thrown [s\open\src\hotspot\share\interpreter\linkResolver.cpp, line 872]
Event: 52.672 Thread 0x0000024ec7d33c10 Exception <a 'java/lang/NoSuchMethodError'{0x000000071270c6d0}: 'void java.lang.invoke.Invokers$Holder.invokeExact_MT(java.lang.Object, java.lang.Object, int, java.lang.Object)'> (0x000000071270c6d0) 
thrown [s\open\src\hotspot\share\interpreter\linkResolver.cpp, line 805]
Event: 52.675 Thread 0x0000024ec7d33c10 Exception <a 'java/lang/IncompatibleClassChangeError'{0x000000071271d6b0}: Found class java.lang.Object, but interface was expected> (0x000000071271d6b0) 
thrown [s\open\src\hotspot\share\interpreter\linkResolver.cpp, line 872]
Event: 56.569 Thread 0x0000024ec7d34ab0 Exception <a 'java/lang/NoSuchMethodError'{0x000000071247b5d0}: 'java.lang.Object java.lang.invoke.DirectMethodHandle$Holder.invokeVirtual(java.lang.Object, java.lang.Object, int)'> (0x000000071247b5d0) 
thrown [s\open\src\hotspot\share\interpreter\linkResolver.cpp, line 805]
Event: 56.569 Thread 0x0000024eef671890 Exception <a 'java/lang/NoSuchMethodError'{0x00000007124821a8}: 'java.lang.Object java.lang.invoke.DirectMethodHandle$Holder.invokeVirtual(java.lang.Object, java.lang.Object, int)'> (0x00000007124821a8) 
thrown [s\open\src\hotspot\share\interpreter\linkResolver.cpp, line 805]
Event: 56.577 Thread 0x0000024eef671890 Exception <a 'java/lang/NoSuchMethodError'{0x00000007124df3e8}: 'java.lang.Object java.lang.invoke.DirectMethodHandle$Holder.invokeInterface(java.lang.Object, java.lang.Object, java.lang.Object, java.lang.Object, java.lang.Object)'> (0x00000007124df3e8) 
thrown [s\open\src\hotspot\share\interpreter\linkResolver.cpp, line 805]
Event: 56.577 Thread 0x0000024ec7d34ab0 Exception <a 'java/lang/NoSuchMethodError'{0x00000007124e42f0}: 'java.lang.Object java.lang.invoke.DirectMethodHandle$Holder.invokeInterface(java.lang.Object, java.lang.Object, java.lang.Object, java.lang.Object, java.lang.Object)'> (0x00000007124e42f0) 
thrown [s\open\src\hotspot\share\interpreter\linkResolver.cpp, line 805]

VM Operations (20 events):
Event: 49.646 Executing VM operation: G1CollectForAllocation (G1 Evacuation Pause)
Event: 49.652 Executing VM operation: G1CollectForAllocation (G1 Evacuation Pause) done
Event: 49.678 Executing VM operation: G1PauseRemark
Event: 49.682 Executing VM operation: G1PauseRemark done
Event: 49.692 Executing VM operation: G1PauseCleanup
Event: 49.692 Executing VM operation: G1PauseCleanup done
Event: 49.931 Executing VM operation: HandshakeAllThreads (Deoptimize)
Event: 49.931 Executing VM operation: HandshakeAllThreads (Deoptimize) done
Event: 60.195 Executing VM operation: HandshakeAllThreads (HandshakeForDeflation)
Event: 60.195 Executing VM operation: HandshakeAllThreads (HandshakeForDeflation) done
Event: 60.196 Executing VM operation: RendezvousGCThreads
Event: 60.196 Executing VM operation: RendezvousGCThreads done
Event: 120.443 Executing VM operation: HandshakeAllThreads (HandshakeForDeflation)
Event: 120.443 Executing VM operation: HandshakeAllThreads (HandshakeForDeflation) done
Event: 120.443 Executing VM operation: RendezvousGCThreads
Event: 120.443 Executing VM operation: RendezvousGCThreads done
Event: 360.985 Executing VM operation: HandshakeAllThreads (HandshakeForDeflation)
Event: 360.985 Executing VM operation: HandshakeAllThreads (HandshakeForDeflation) done
Event: 360.985 Executing VM operation: RendezvousGCThreads
Event: 360.985 Executing VM operation: RendezvousGCThreads done

Memory protections (0 events):
No events

Nmethod flushes (20 events):
Event: 49.681 Thread 0x0000024eea533390 flushing  nmethod 0x0000024ed5ba2008
Event: 49.681 Thread 0x0000024eea533390 flushing  nmethod 0x0000024ed5bfb608
Event: 49.681 Thread 0x0000024eea533390 flushing  nmethod 0x0000024ed5bfc088
Event: 49.681 Thread 0x0000024eea533390 flushing  nmethod 0x0000024ed5bfc588
Event: 49.681 Thread 0x0000024eea533390 flushing  nmethod 0x0000024ed5c00b08
Event: 49.681 Thread 0x0000024eea533390 flushing  nmethod 0x0000024ed5d06b88
Event: 49.681 Thread 0x0000024eea533390 flushing  nmethod 0x0000024ed5d36908
Event: 49.681 Thread 0x0000024eea533390 flushing  nmethod 0x0000024ed5d37088
Event: 49.681 Thread 0x0000024eea533390 flushing  nmethod 0x0000024ed5d39108
Event: 49.681 Thread 0x0000024eea533390 flushing  nmethod 0x0000024ed5de5788
Event: 49.681 Thread 0x0000024eea533390 flushing  nmethod 0x0000024ed5ec4388
Event: 49.681 Thread 0x0000024eea533390 flushing  nmethod 0x0000024ed5ec4688
Event: 49.681 Thread 0x0000024eea533390 flushing  nmethod 0x0000024ed5fa6208
Event: 49.681 Thread 0x0000024eea533390 flushing  nmethod 0x0000024ed5fa6d88
Event: 49.681 Thread 0x0000024eea533390 flushing  nmethod 0x0000024ed610c788
Event: 49.681 Thread 0x0000024eea533390 flushing  nmethod 0x0000024ed610f008
Event: 49.681 Thread 0x0000024eea533390 flushing  nmethod 0x0000024ed62b2908
Event: 49.681 Thread 0x0000024eea533390 flushing  nmethod 0x0000024ed632c108
Event: 49.681 Thread 0x0000024eea533390 flushing  nmethod 0x0000024ed632d008
Event: 49.681 Thread 0x0000024eea533390 flushing  nmethod 0x0000024ed632d308

Events (20 events):
Event: 3157.666 Thread 0x0000024eee801c80 Thread added: 0x0000024ef73e6cb0
Event: 3157.668 Thread 0x0000024ef73e6cb0 Thread added: 0x0000024ef73e3980
Event: 3162.678 Thread 0x0000024ef73e6cb0 Thread exited: 0x0000024ef73e6cb0
Event: 3162.785 Thread 0x0000024ef73e3980 Thread exited: 0x0000024ef73e3980
Event: 3312.071 Thread 0x0000024eee801c80 Thread added: 0x0000024ef73e6cb0
Event: 3312.074 Thread 0x0000024ef73e6cb0 Thread added: 0x0000024ef73e3980
Event: 3317.078 Thread 0x0000024ef73e6cb0 Thread exited: 0x0000024ef73e6cb0
Event: 3317.172 Thread 0x0000024ef73e3980 Thread exited: 0x0000024ef73e3980
Event: 3387.261 Thread 0x0000024eee801c80 Thread added: 0x0000024ef73e6cb0
Event: 3387.263 Thread 0x0000024ef73e6cb0 Thread added: 0x0000024ef73e3980
Event: 3392.265 Thread 0x0000024ef73e6cb0 Thread exited: 0x0000024ef73e6cb0
Event: 3392.358 Thread 0x0000024ef73e3980 Thread exited: 0x0000024ef73e3980
Event: 3450.046 Thread 0x0000024eee801c80 Thread added: 0x0000024ef73e3980
Event: 3450.049 Thread 0x0000024ef73e3980 Thread added: 0x0000024ef73e6cb0
Event: 3455.064 Thread 0x0000024ef73e3980 Thread exited: 0x0000024ef73e3980
Event: 3455.140 Thread 0x0000024ef73e6cb0 Thread exited: 0x0000024ef73e6cb0
Event: 3514.605 Thread 0x0000024eee801c80 Thread added: 0x0000024ef73e3980
Event: 3514.606 Thread 0x0000024ef73e3980 Thread added: 0x0000024ef73e6cb0
Event: 3519.618 Thread 0x0000024ef73e3980 Thread exited: 0x0000024ef73e3980
Event: 3519.727 Thread 0x0000024ef73e6cb0 Thread exited: 0x0000024ef73e6cb0


Dynamic libraries:
0x00007ff679b90000 - 0x00007ff679ba0000 	D:\Program Files\jdk-24\bin\java.exe
0x00007ffd80dc0000 - 0x00007ffd81028000 	C:\WINDOWS\SYSTEM32\ntdll.dll
0x00007ffd80160000 - 0x00007ffd80229000 	C:\WINDOWS\System32\KERNEL32.DLL
0x00007ffd7e240000 - 0x00007ffd7e632000 	C:\WINDOWS\System32\KERNELBASE.dll
0x00007ffd7e6f0000 - 0x00007ffd7e83b000 	C:\WINDOWS\System32\ucrtbase.dll
0x00007ffd57e40000 - 0x00007ffd57e5b000 	D:\Program Files\jdk-24\bin\VCRUNTIME140.dll
0x00007ffd59570000 - 0x00007ffd59586000 	D:\Program Files\jdk-24\bin\jli.dll
0x00007ffd7f360000 - 0x00007ffd7f525000 	C:\WINDOWS\System32\USER32.dll
0x00007ffd7eb60000 - 0x00007ffd7eb87000 	C:\WINDOWS\System32\win32u.dll
0x00007ffd5fbf0000 - 0x00007ffd5fe83000 	C:\WINDOWS\WinSxS\amd64_microsoft.windows.common-controls_6595b64144ccf1df_6.0.26100.6899_none_3e0efeeae32e88c1\COMCTL32.dll
0x00007ffd7f250000 - 0x00007ffd7f27b000 	C:\WINDOWS\System32\GDI32.dll
0x00007ffd80aa0000 - 0x00007ffd80b49000 	C:\WINDOWS\System32\msvcrt.dll
0x00007ffd7e840000 - 0x00007ffd7e96d000 	C:\WINDOWS\System32\gdi32full.dll
0x00007ffd7e640000 - 0x00007ffd7e6e3000 	C:\WINDOWS\System32\msvcp_win.dll
0x00007ffd7ee10000 - 0x00007ffd7ee3f000 	C:\WINDOWS\System32\IMM32.DLL
0x00007ffd66800000 - 0x00007ffd6680c000 	D:\Program Files\jdk-24\bin\vcruntime140_1.dll
0x00007ffd39110000 - 0x00007ffd3919e000 	D:\Program Files\jdk-24\bin\msvcp140.dll
0x00007ffce0240000 - 0x00007ffce0fe2000 	D:\Program Files\jdk-24\bin\server\jvm.dll
0x00007ffd7f290000 - 0x00007ffd7f344000 	C:\WINDOWS\System32\ADVAPI32.dll
0x00007ffd800b0000 - 0x00007ffd80156000 	C:\WINDOWS\System32\sechost.dll
0x00007ffd80b50000 - 0x00007ffd80c68000 	C:\WINDOWS\System32\RPCRT4.dll
0x00007ffd7f590000 - 0x00007ffd7f604000 	C:\WINDOWS\System32\WS2_32.dll
0x00007ffd74170000 - 0x00007ffd741a5000 	C:\WINDOWS\SYSTEM32\WINMM.dll
0x00007ffd7ddb0000 - 0x00007ffd7de0e000 	C:\WINDOWS\SYSTEM32\POWRPROF.dll
0x00007ffd6a0b0000 - 0x00007ffd6a0bb000 	C:\WINDOWS\SYSTEM32\VERSION.dll
0x00007ffd7dd90000 - 0x00007ffd7dda4000 	C:\WINDOWS\SYSTEM32\UMPDC.dll
0x00007ffd7cd20000 - 0x00007ffd7cd3b000 	C:\WINDOWS\SYSTEM32\kernel.appcore.dll
0x00007ffd66670000 - 0x00007ffd6667a000 	D:\Program Files\jdk-24\bin\jimage.dll
0x00007ffd7b6e0000 - 0x00007ffd7b922000 	C:\WINDOWS\SYSTEM32\DBGHELP.DLL
0x00007ffd7ee50000 - 0x00007ffd7f1cb000 	C:\WINDOWS\System32\combase.dll
0x00007ffd7ffc0000 - 0x00007ffd80097000 	C:\WINDOWS\System32\OLEAUT32.dll
0x00007ffd6af30000 - 0x00007ffd6af6c000 	C:\WINDOWS\SYSTEM32\dbgcore.DLL
0x00007ffd7eac0000 - 0x00007ffd7eb58000 	C:\WINDOWS\System32\bcryptPrimitives.dll
0x00007ffd38830000 - 0x00007ffd3886c000 	D:\Program Files\jdk-24\bin\jdwp.dll
0x00007ffd649e0000 - 0x00007ffd649ef000 	D:\Program Files\jdk-24\bin\instrument.dll
0x00007ffd50490000 - 0x00007ffd504ae000 	D:\Program Files\jdk-24\bin\java.dll
0x00007ffd80360000 - 0x00007ffd804f8000 	C:\WINDOWS\System32\ole32.dll
0x00007ffd7f770000 - 0x00007ffd7febd000 	C:\WINDOWS\System32\SHELL32.dll
0x00007ffd7df50000 - 0x00007ffd7e0bb000 	C:\WINDOWS\System32\wintypes.dll
0x00007ffd42390000 - 0x00007ffd423a7000 	D:\Program Files\jdk-24\bin\zip.dll
0x00007ffd7bba0000 - 0x00007ffd7c3fd000 	C:\WINDOWS\SYSTEM32\windows.storage.dll
0x00007ffd7fec0000 - 0x00007ffd7ffb2000 	C:\WINDOWS\System32\SHCORE.dll
0x00007ffd805a0000 - 0x00007ffd80602000 	C:\WINDOWS\System32\shlwapi.dll
0x00007ffd7de70000 - 0x00007ffd7de99000 	C:\WINDOWS\SYSTEM32\profapi.dll
0x00007ffd2f7a0000 - 0x00007ffd2f877000 	D:\Program Files\jdk-24\bin\jsvml.dll
0x00007ffd62840000 - 0x00007ffd6284c000 	D:\Program Files\jdk-24\bin\dt_socket.dll
0x00007ffd7c870000 - 0x00007ffd7c8a4000 	C:\WINDOWS\SYSTEM32\IPHLPAPI.DLL
0x00007ffd7d290000 - 0x00007ffd7d2fb000 	C:\WINDOWS\system32\mswsock.dll
0x00007ffd66630000 - 0x00007ffd66640000 	D:\Program Files\jdk-24\bin\net.dll
0x00007ffd4e500000 - 0x00007ffd4e516000 	D:\Program Files\jdk-24\bin\nio.dll
0x00007ffd64910000 - 0x00007ffd6491e000 	D:\Program Files\jdk-24\bin\sunmscapi.dll
0x00007ffd7e0c0000 - 0x00007ffd7e237000 	C:\WINDOWS\System32\CRYPT32.dll
0x00007ffd7d760000 - 0x00007ffd7d790000 	C:\WINDOWS\SYSTEM32\ncrypt.dll
0x00007ffd7d710000 - 0x00007ffd7d74f000 	C:\WINDOWS\SYSTEM32\NTASN1.dll
0x00007ffd7d540000 - 0x00007ffd7d55b000 	C:\WINDOWS\SYSTEM32\CRYPTSP.dll
0x00007ffd7cc80000 - 0x00007ffd7ccbb000 	C:\WINDOWS\system32\rsaenh.dll
0x00007ffd7d330000 - 0x00007ffd7d35b000 	C:\WINDOWS\SYSTEM32\USERENV.dll
0x00007ffd7de40000 - 0x00007ffd7de66000 	C:\WINDOWS\SYSTEM32\bcrypt.dll
0x00007ffd7d560000 - 0x00007ffd7d56c000 	C:\WINDOWS\SYSTEM32\CRYPTBASE.dll
0x00007ffd800a0000 - 0x00007ffd800aa000 	C:\WINDOWS\System32\NSI.dll
0x00007ffd634a0000 - 0x00007ffd634aa000 	D:\Program Files\jdk-24\bin\management.dll
0x00007ffd63390000 - 0x00007ffd6339b000 	D:\Program Files\jdk-24\bin\management_ext.dll
0x00007ffd7f350000 - 0x00007ffd7f358000 	C:\WINDOWS\System32\PSAPI.DLL
0x00007ffd61ad0000 - 0x00007ffd61ae0000 	D:\Program Files\jdk-24\bin\verify.dll
0x00007ffd7c8b0000 - 0x00007ffd7c9d6000 	C:\WINDOWS\SYSTEM32\DNSAPI.dll
0x00007ffd6d540000 - 0x00007ffd6d54b000 	C:\Windows\System32\rasadhlp.dll
0x00007ffd78320000 - 0x00007ffd783a6000 	C:\WINDOWS\System32\fwpuclnt.dll
0x00007ffd63f10000 - 0x00007ffd63f19000 	D:\Program Files\jdk-24\bin\extnet.dll
0x00007ffd5e5e0000 - 0x00007ffd5e5e8000 	C:\WINDOWS\system32\wshunix.dll

JVMTI agents:
jdwp path:D:\Program Files\jdk-24\bin\jdwp.dll, loaded, initialized, options:transport=dt_socket,address=127.0.0.1:59796,suspend=y,server=n
C:\Users\tgdd\AppData\Local\JetBrains\IdeaIC2025.1\captureAgent\debugger-agent.jar path:D:\Program Files\jdk-24\bin\instrument.dll, loaded, initialized, instrumentlib options:file:///C:/Users/tgdd/AppData/Local/Temp/capture17364771861203688067.props

dbghelp: loaded successfully - version: 4.0.5 - missing functions: none
symbol engine: initialized successfully - sym options: 0x614 - pdb path: .;D:\Program Files\jdk-24\bin;C:\WINDOWS\SYSTEM32;C:\WINDOWS\WinSxS\amd64_microsoft.windows.common-controls_6595b64144ccf1df_6.0.26100.6899_none_3e0efeeae32e88c1;D:\Program Files\jdk-24\bin\server

VM Arguments:
jvm_args: -agentlib:jdwp=transport=dt_socket,address=127.0.0.1:59796,suspend=y,server=n -javaagent:C:\Users\tgdd\AppData\Local\JetBrains\IdeaIC2025.1\captureAgent\debugger-agent.jar=file:///C:/Users/tgdd/AppData/Local/Temp/capture17364771861203688067.props -Dkotlinx.coroutines.debug.enable.creation.stack.trace=false -Ddebugger.agent.enable.coroutines=true -Dkotlinx.coroutines.debug.enable.flows.stack.trace=true -Dkotlinx.coroutines.debug.enable.mutable.state.flows.stack.trace=true -Dfile.encoding=UTF-8 -Dsun.stdout.encoding=UTF-8 -Dsun.stderr.encoding=UTF-8 
java_command: com.example.education_management_api.EducationManagementApiApplication
java_class_path (initial): D:\my_project\education-management-api\target\classes;C:\Users\tgdd\.m2\repository\org\springframework\boot\spring-boot-starter-web\3.5.3\spring-boot-starter-web-3.5.3.jar;C:\Users\tgdd\.m2\repository\org\springframework\boot\spring-boot-starter\3.5.3\spring-boot-starter-3.5.3.jar;C:\Users\tgdd\.m2\repository\org\springframework\boot\spring-boot\3.5.3\spring-boot-3.5.3.jar;C:\Users\tgdd\.m2\repository\org\springframework\boot\spring-boot-autoconfigure\3.5.3\spring-boot-autoconfigure-3.5.3.jar;C:\Users\tgdd\.m2\repository\org\springframework\boot\spring-boot-starter-logging\3.5.3\spring-boot-starter-logging-3.5.3.jar;C:\Users\tgdd\.m2\repository\ch\qos\logback\logback-classic\1.5.18\logback-classic-1.5.18.jar;C:\Users\tgdd\.m2\repository\ch\qos\logback\logback-core\1.5.18\logback-core-1.5.18.jar;C:\Users\tgdd\.m2\repository\org\apache\logging\log4j\log4j-to-slf4j\2.24.3\log4j-to-slf4j-2.24.3.jar;C:\Users\tgdd\.m2\repository\org\apache\logging\log4j\log4j-api\2.24.3\log4j-api-2.24.3.jar;C:\Users\tgdd\.m2\repository\org\slf4j\jul-to-slf4j\2.0.17\jul-to-slf4j-2.0.17.jar;C:\Users\tgdd\.m2\repository\jakarta\annotation\jakarta.annotation-api\2.1.1\jakarta.annotation-api-2.1.1.jar;C:\Users\tgdd\.m2\repository\org\yaml\snakeyaml\2.4\snakeyaml-2.4.jar;C:\Users\tgdd\.m2\repository\org\springframework\boot\spring-boot-starter-json\3.5.3\spring-boot-starter-json-3.5.3.jar;C:\Users\tgdd\.m2\repository\com\fasterxml\jackson\datatype\jackson-datatype-jdk8\2.19.1\jackson-datatype-jdk8-2.19.1.jar;C:\Users\tgdd\.m2\repository\com\fasterxml\jackson\datatype\jackson-datatype-jsr310\2.19.1\jackson-datatype-jsr310-2.19.1.jar;C:\Users\tgdd\.m2\repository\com\fasterxml\jackson\module\jackson-module-parameter-names\2.19.1\jackson-module-parameter-names-2.19.1.jar;C:\Users\tgdd\.m2\repository\org\springframework\boot\spring-boot-starter-tomcat\3.5.3\spring-boot-starter-tomcat-3.5.3.jar;C:\Users\tgdd\.m2\repository\org\apache\tomcat\embed\tomcat-embed-core\10.1.42\tomcat-embed-core-10.1.42.jar;C:\Users\tgdd\.m2\repository\org\apache\tomcat\embed\tomcat-embed-el\10.1.42\tomcat-embed-el-10.1.42.jar;C:\Users\tgdd\.m2\repository\org\apache\tomcat\embed\tomcat-embed-websocket\10.1.42\tomcat-embed-websocket-10.1.42.jar;C:\Users\tgdd\.m2\repository\org\springframework\spring-web\6.2.8\spring-web-6.2.8.jar;C:\Users\tgdd\.m2\repository\org\springframework\spring-beans\6.2.8\spring-beans-6.2.8.jar;C:\Users\tgdd\.m2\repository\io\micrometer\micrometer-observation\1.15.1\micrometer-observation-1.15.1.jar;C:\Users\tgdd\.m2\repository\io\micrometer\micrometer-commons\1.15.1\micrometer-commons-1.15.1.jar;C:\Users\tgdd\.m2\repository\org\springframework\spring-webmvc\6.2.8\spring-webmvc-6.2.8.jar;C:\Users\tgdd\.m2\repository\org\springframework\spring-context\6.2.8\spring-context-6.2.8.jar;C:\Users\tgdd\.m2\repository\org\springframework\spring-expression\6.2.8\spring-expression-6.2.8.jar;C:\Users\tgdd\.m2\repository\org\slf4j\slf4j-api\2.0.17\slf4j-api-2.0.17.jar;C:\Users\tgdd\.m2\repository\jakarta\xml\bind\jakarta.xml.bind-api\4.0.2\jakarta.xml.bind-api-4.0.2.jar;C:\Users\tgdd\.m2\repository\jakarta\activation\jakarta.activation-api\2.1.3\jakarta.activation-api-2.1.3.jar;C:\Users\tgdd\.m2\repository\net\bytebuddy\byte-buddy\1.17.6\byte-buddy-1.17.6.jar;C:\Users\tgdd\.m2\repository\org\springframework\spring-core\6.2.8\spring-core-6.2.8.jar;C:\Users\tgdd\.m2\repository\org\springframework\spring-jcl\6.2.8\spring-jcl-6.2.8.jar;C:\Users\tgdd\.m2\repository\org\postgresql\postgresql\42.7.3\postgresql-42.7.3.jar;C:\Users\tgdd\.m2\repository\org\checkerframework\checker-qual\3.42.0\checker-qual-3.42.0.jar;C:\Users\tgdd\.m2\repository\org\springframework\boot\spring-boot-starter-data-jpa\3.5.3\spring-boot-starter-data-jpa-3.5.3.jar;C:\Users\tgdd\.m2\repository\org\springframework\boot\spring-boot-starter-jdbc\3.5.3\spring-boot-starter-jdbc-3.5.3.jar;C:\Users\tgdd\.m2\repository\com\zaxxer\HikariCP\6.3.0\HikariCP-6.3.0.jar;C:\Users\tgdd\.m2\repository\org\springframework\spring-jdbc\6.2.8\spring-jdbc-6.2.8.jar;C:\Users\tgdd\.m2\repository\org\hibernate\orm\hibernate-core\6.6.18.Final\hibernate-core-6.6.18.Final.jar;C:\Users\tgdd\.m2\repository\jakarta\persistence\jakarta.persistence-api\3.1.0\jakarta.persistence-api-3.1.0.jar;C:\Users\tgdd\.m2\repository\jakarta\transaction\jakarta.transaction-api\2.0.1\jakarta.transaction-api-2.0.1.jar;C:\Users\tgdd\.m2\repository\org\jboss\logging\jboss-logging\3.6.1.Final\jboss-logging-3.6.1.Final.jar;C:\Users\tgdd\.m2\repository\org\hibernate\common\hibernate-commons-annotations\7.0.3.Final\hibernate-commons-annotations-7.0.3.Final.jar;C:\Users\tgdd\.m2\repository\io\smallrye\jandex\3.2.0\jandex-3.2.0.jar;C:\Users\tgdd\.m2\repository\com\fasterxml\classmate\1.7.0\classmate-1.7.0.jar;C:\Users\tgdd\.m2\repository\org\glassfish\jaxb\jaxb-runtime\4.0.5\jaxb-runtime-4.0.5.jar;C:\Users\tgdd\.m2\repository\org\glassfish\jaxb\jaxb-core\4.0.5\jaxb-core-4.0.5.jar;C:\Users\tgdd\.m2\repository\org\eclipse\angus\angus-activation\2.0.2\angus-activation-2.0.2.jar;C:\Users\tgdd\.m2\repository\org\glassfish\jaxb\txw2\4.0.5\txw2-4.0.5.jar;C:\Users\tgdd\.m2\repository\com\sun\istack\istack-commons-runtime\4.1.2\istack-commons-runtime-4.1.2.jar;C:\Users\tgdd\.m2\repository\jakarta\inject\jakarta.inject-api\2.0.1\jakarta.inject-api-2.0.1.jar;C:\Users\tgdd\.m2\repository\org\antlr\antlr4-runtime\4.13.0\antlr4-runtime-4.13.0.jar;C:\Users\tgdd\.m2\repository\org\springframework\data\spring-data-jpa\3.5.1\spring-data-jpa-3.5.1.jar;C:\Users\tgdd\.m2\repository\org\springframework\data\spring-data-commons\3.5.1\spring-data-commons-3.5.1.jar;C:\Users\tgdd\.m2\repository\org\springframework\spring-orm\6.2.8\spring-orm-6.2.8.jar;C:\Users\tgdd\.m2\repository\org\springframework\spring-tx\6.2.8\spring-tx-6.2.8.jar;C:\Users\tgdd\.m2\repository\org\springframework\spring-aspects\6.2.8\spring-aspects-6.2.8.jar;C:\Users\tgdd\.m2\repository\org\aspectj\aspectjweaver\1.9.24\aspectjweaver-1.9.24.jar;C:\Users\tgdd\.m2\repository\org\springframework\boot\spring-boot-starter-security\3.5.3\spring-boot-starter-security-3.5.3.jar;C:\Users\tgdd\.m2\repository\org\springframework\spring-aop\6.2.8\spring-aop-6.2.8.jar;C:\Users\tgdd\.m2\repository\org\springframework\security\spring-security-config\6.5.1\spring-security-config-6.5.1.jar;C:\Users\tgdd\.m2\repository\org\springframework\security\spring-security-core\6.5.1\spring-security-core-6.5.1.jar;C:\Users\tgdd\.m2\repository\org\springframework\security\spring-security-crypto\6.5.1\spring-security-crypto-6.5.1.jar;C:\Users\tgdd\.m2\repository\org\springframework\security\spring-security-web\6.5.1\spring-security-web-6.5.1.jar;C:\Users\tgdd\.m2\repository\io\jsonwebtoken\jjwt-api\0.12.5\jjwt-api-0.12.5.jar;C:\Users\tgdd\.m2\repository\io\jsonwebtoken\jjwt-impl\0.12.5\jjwt-impl-0.12.5.jar;C:\Users\tgdd\.m2\repository\io\jsonwebtoken\jjwt-jackson\0.12.5\jjwt-jackson-0.12.5.jar;C:\Users\tgdd\.m2\repository\com\fasterxml\jackson\core\jackson-databind\2.19.1\jackson-databind-2.19.1.jar;C:\Users\tgdd\.m2\repository\com\fasterxml\jackson\core\jackson-annotations\2.19.1\jackson-annotations-2.19.1.jar;C:\Users\tgdd\.m2\repository\com\fasterxml\jackson\core\jackson-core\2.19.1\jackson-core-2.19.1.jar;D:\Program Files\IntelliJ IDEA Community Edition 2025.1.2\lib\idea_rt.jar
Launcher Type: SUN_STANDARD

[Global flags]
     intx CICompilerCount                          = 12                                        {product} {ergonomic}
     uint ConcGCThreads                            = 3                                         {product} {ergonomic}
     uint G1ConcRefinementThreads                  = 13                                        {product} {ergonomic}
   size_t G1HeapRegionSize                         = 2097152                                   {product} {ergonomic}
   size_t InitialHeapSize                          = 264241152                                 {product} {ergonomic}
   size_t MarkStackSize                            = 4194304                                   {product} {ergonomic}
   size_t MarkStackSizeMax                         = 536870912                                 {product} {ergonomic}
   size_t MaxHeapSize                              = 4213178368                                {product} {ergonomic}
   size_t MaxNewSize                               = 2527068160                                {product} {ergonomic}
   size_t MinHeapDeltaBytes                        = 2097152                                   {product} {ergonomic}
   size_t MinHeapSize                              = 8388608                                   {product} {ergonomic}
    uintx NonNMethodCodeHeapSize                   = 7602176                                {pd product} {ergonomic}
    uintx NonProfiledCodeHeapSize                  = 122093568                              {pd product} {ergonomic}
    uintx ProfiledCodeHeapSize                     = 121962496                              {pd product} {ergonomic}
    uintx ReservedCodeCacheSize                    = 251658240                              {pd product} {ergonomic}
     bool SegmentedCodeCache                       = true                                      {product} {ergonomic}
   size_t SoftMaxHeapSize                          = 4213178368                             {manageable} {ergonomic}
     bool UseCompressedOops                        = true                           {product lp64_product} {ergonomic}
     bool UseG1GC                                  = true                                      {product} {ergonomic}
     bool UseLargePagesIndividualAllocation        = false                                  {pd product} {ergonomic}

Logging:
Log output configuration:
 #0: stdout all=warning uptime,level,tags foldmultilines=false
 #1: stderr all=off uptime,level,tags foldmultilines=false

Environment Variables:
PATH=C:\Program Files\Common Files\Oracle\Java\javapath;C:\WINDOWS\system32;C:\WINDOWS;C:\WINDOWS\System32\Wbem;C:\WINDOWS\System32\WindowsPowerShell\v1.0\;C:\WINDOWS\System32\OpenSSH\;C:\Program Files\dotnet\;C:\Program Files\Git\cmd;C:\Program Files\nodejs\;C:\msys64\mingw64\bin;D:\Program Files\PostgreSQL\bin;D:\Program Files\jdk-24\bin;D:\Program Files\Scripts\;D:\Program Files\;C:\Users\tgdd\AppData\Local\Microsoft\WindowsApps;C:\Users\tgdd\AppData\Local\Programs\Microsoft VS Code\bin;C:\Users\tgdd\AppData\Roaming\npm;
USERNAME=tgdd
OS=Windows_NT
PROCESSOR_IDENTIFIER=Intel64 Family 6 Model 154 Stepping 3, GenuineIntel
TMP=C:\Users\tgdd\AppData\Local\Temp
TEMP=C:\Users\tgdd\AppData\Local\Temp




Periodic native trim disabled

---------------  S Y S T E M  ---------------

OS:
 Windows 11 , 64 bit Build 26100 (10.0.26100.6725)
OS uptime: 16 days 4:32 hours
Hyper-V role detected

CPU: total 16 (initial active 16) (8 cores per cpu, 2 threads per core) family 6 model 154 stepping 3 microcode 0x435, cx8, cmov, fxsr, ht, mmx, 3dnowpref, sse, sse2, sse3, ssse3, sse4.1, sse4.2, popcnt, lzcnt, tsc, tscinvbit, avx, avx2, aes, erms, clmul, bmi1, bmi2, adx, sha, fma, vzeroupper, clflush, clflushopt, clwb, hv, serialize, rdtscp, rdpid, fsrm, gfni, f16c, cet_ibt, cet_ss
Processor Information for processor 0
  Max Mhz: 1700, Current Mhz: 1700, Mhz Limit: 1700
Processor Information for processor 1
  Max Mhz: 1700, Current Mhz: 1700, Mhz Limit: 1700
Processor Information for processor 2
  Max Mhz: 1700, Current Mhz: 1700, Mhz Limit: 1700
Processor Information for processor 3
  Max Mhz: 1700, Current Mhz: 1700, Mhz Limit: 1700
Processor Information for processor 4
  Max Mhz: 1700, Current Mhz: 1700, Mhz Limit: 1700
Processor Information for processor 5
  Max Mhz: 1700, Current Mhz: 1700, Mhz Limit: 1700
Processor Information for processor 6
  Max Mhz: 1700, Current Mhz: 1700, Mhz Limit: 1700
Processor Information for processor 7
  Max Mhz: 1700, Current Mhz: 1700, Mhz Limit: 1700
Processor Information for processor 8
  Max Mhz: 1700, Current Mhz: 1700, Mhz Limit: 1700
Processor Information for processor 9
  Max Mhz: 1700, Current Mhz: 1558, Mhz Limit: 1700
Processor Information for processor 10
  Max Mhz: 1700, Current Mhz: 1558, Mhz Limit: 1700
Processor Information for processor 11
  Max Mhz: 1700, Current Mhz: 1700, Mhz Limit: 1700
Processor Information for processor 12
  Max Mhz: 1700, Current Mhz: 1700, Mhz Limit: 1700
Processor Information for processor 13
  Max Mhz: 1700, Current Mhz: 1700, Mhz Limit: 1700
Processor Information for processor 14
  Max Mhz: 1700, Current Mhz: 1558, Mhz Limit: 1700
Processor Information for processor 15
  Max Mhz: 1700, Current Mhz: 1700, Mhz Limit: 1700

Memory: 4k page, system-wide physical 16068M (1141M free)
TotalPageFile size 52333M (AvailPageFile size 8M)
current process WorkingSet (physical memory assigned to process): 41M, peak: 505M
current process commit charge ("private bytes"): 369M, peak: 556M

vm_info: Java HotSpot(TM) 64-Bit Server VM (24.0.1+9-30) for windows-amd64 JRE (24.0.1+9-30), built on 2025-03-05T07:23:45Z with MS VC++ 17.6 (VS2022)

END.
